-------------------------------------------------------------------------------
Test set: database.AccountHandlerTest
-------------------------------------------------------------------------------
Tests run: 3, Failures: 0, Errors: 3, Skipped: 0, Time elapsed: 0.001 sec <<< FAILURE! - in database.AccountHandlerTest
testDepositCash(database.AccountHandlerTest)  Time elapsed: 0 sec  <<< ERROR!
java.lang.VerifyError: Expecting a stackmap frame at branch target 575
Exception Details:
  Location:
    database/AccountHandler.depositCash(Ljava/lang/Double;Lmodel/UserModel;Lmodel/AccountType;)I @63: invokestatic
  Reason:
    Expected stackmap frame at this location.
  Bytecode:
    0000000: 0336 0411 ffff 3605 b800 1112 13b6 0017
    0000010: 1100 2eb6 001d 129d 3a06 b800 1112 13b6
    0000020: 0017 1100 2fb6 001d 0eb8 00a3 3a07 b800
    0000030: 1112 13b6 0017 1100 30b6 001d 0336 08b8
    0000040: 0011 1213 b600 1711 0033 b600 1db8 0030
    0000050: 3a09 b800 1112 13b6 0017 1100 35b6 001d
    0000060: b200 a72d b600 ac2e aa00 0000 0000 010f
    0000070: 0000 0001 0000 0003 0000 001c 0000 006d
    0000080: 0000 00be b800 1112 13b6 0017 1100 3511
    0000090: 0000 1100 00b6 00b0 b800 1112 13b6 0017
    00000a0: 1100 37b6 001d 12b2 3a06 b800 1112 13b6
    00000b0: 0017 1100 38b6 001d 2cb6 00b6 b600 bab8
    00000c0: 00a3 3a07 b800 1112 13b6 0017 1100 39b6
    00000d0: 001d a700 a5b8 0011 1213 b600 1711 0035
    00000e0: 1100 0011 0001 b600 b0b8 0011 1213 b600
    00000f0: 1711 003b b600 1d12 bc3a 06b8 0011 1213
    0000100: b600 1711 003c b600 1d2c b600 c0b6 00c1
    0000110: b800 a33a 07b8 0011 1213 b600 1711 003d
    0000120: b600 1da7 0054 b800 1112 13b6 0017 1100
    0000130: 3511 0000 1100 02b6 00b0 b800 1112 13b6
    0000140: 0017 1100 3fb6 001d 12c3 3a06 b800 1112
    0000150: 13b6 0017 1100 40b6 001d 2cb6 00c7 b600
    0000160: c8b8 00a3 3a07 b800 1112 13b6 0017 1100
    0000170: 41b6 001d a700 03b8 0011 1213 b600 1711
    0000180: 0035 1100 0011 ffff b600 b0b8 0011 1213
    0000190: b600 1711 0046 b600 1d19 09bb 0032 59b7
    00001a0: 0033 12ca b600 3919 06b6 0039 12cc b600
    00001b0: 392a 1907 2bb8 0011 1213 b600 1711 0047
    00001c0: b600 1db7 00d0 b600 d312 d5b6 0039 2cb6
    00001d0: 003f b600 42b6 0046 b800 1112 13b6 0017
    00001e0: 1100 46b6 001d b900 4c02 003a 0ab8 0011
    00001f0: 1213 b600 1711 0048 b600 1d19 0ab9 00d8
    0000200: 0100 3608 b800 1112 13b6 0017 1100 4ab6
    0000210: 001d 190a b900 7701 00b8 0011 1213 b600
    0000220: 1711 004b b600 1d19 09b9 0078 0100 b800
    0000230: 1112 13b6 0017 1100 51b6 001d a700 72b8
    0000240: 0011 1213 b600 1711 004d b600 1d3a 09b8
    0000250: 0011 1213 b600 1711 004e b600 1d12 02b6
    0000260: 007d b800 83b2 0089 0119 09b6 008d b800
    0000270: 1112 13b6 0017 1100 51b6 001d a700 32b8
    0000280: 0011 1213 b600 1711 004f b600 1d3a 09b8
    0000290: 0011 1213 b600 1711 0050 b600 1d12 02b6
    00002a0: 007d b800 83b2 0089 0119 09b6 008d b800
    00002b0: 1112 13b6 0017 1100 53b6 001d 1508 ac  
  Exception Handler Table:
    bci [63, 558] => handler: 575
    bci [63, 558] => handler: 639

	at database.AccountHandlerTest.testDepositCash(AccountHandlerTest.java:22)

testWithdrawCash(database.AccountHandlerTest)  Time elapsed: 0.001 sec  <<< ERROR!
java.lang.VerifyError: Expecting a stackmap frame at branch target 575
Exception Details:
  Location:
    database/AccountHandler.depositCash(Ljava/lang/Double;Lmodel/UserModel;Lmodel/AccountType;)I @63: invokestatic
  Reason:
    Expected stackmap frame at this location.
  Bytecode:
    0000000: 0336 0411 ffff 3605 b800 1112 13b6 0017
    0000010: 1100 2eb6 001d 129d 3a06 b800 1112 13b6
    0000020: 0017 1100 2fb6 001d 0eb8 00a3 3a07 b800
    0000030: 1112 13b6 0017 1100 30b6 001d 0336 08b8
    0000040: 0011 1213 b600 1711 0033 b600 1db8 0030
    0000050: 3a09 b800 1112 13b6 0017 1100 35b6 001d
    0000060: b200 a72d b600 ac2e aa00 0000 0000 010f
    0000070: 0000 0001 0000 0003 0000 001c 0000 006d
    0000080: 0000 00be b800 1112 13b6 0017 1100 3511
    0000090: 0000 1100 00b6 00b0 b800 1112 13b6 0017
    00000a0: 1100 37b6 001d 12b2 3a06 b800 1112 13b6
    00000b0: 0017 1100 38b6 001d 2cb6 00b6 b600 bab8
    00000c0: 00a3 3a07 b800 1112 13b6 0017 1100 39b6
    00000d0: 001d a700 a5b8 0011 1213 b600 1711 0035
    00000e0: 1100 0011 0001 b600 b0b8 0011 1213 b600
    00000f0: 1711 003b b600 1d12 bc3a 06b8 0011 1213
    0000100: b600 1711 003c b600 1d2c b600 c0b6 00c1
    0000110: b800 a33a 07b8 0011 1213 b600 1711 003d
    0000120: b600 1da7 0054 b800 1112 13b6 0017 1100
    0000130: 3511 0000 1100 02b6 00b0 b800 1112 13b6
    0000140: 0017 1100 3fb6 001d 12c3 3a06 b800 1112
    0000150: 13b6 0017 1100 40b6 001d 2cb6 00c7 b600
    0000160: c8b8 00a3 3a07 b800 1112 13b6 0017 1100
    0000170: 41b6 001d a700 03b8 0011 1213 b600 1711
    0000180: 0035 1100 0011 ffff b600 b0b8 0011 1213
    0000190: b600 1711 0046 b600 1d19 09bb 0032 59b7
    00001a0: 0033 12ca b600 3919 06b6 0039 12cc b600
    00001b0: 392a 1907 2bb8 0011 1213 b600 1711 0047
    00001c0: b600 1db7 00d0 b600 d312 d5b6 0039 2cb6
    00001d0: 003f b600 42b6 0046 b800 1112 13b6 0017
    00001e0: 1100 46b6 001d b900 4c02 003a 0ab8 0011
    00001f0: 1213 b600 1711 0048 b600 1d19 0ab9 00d8
    0000200: 0100 3608 b800 1112 13b6 0017 1100 4ab6
    0000210: 001d 190a b900 7701 00b8 0011 1213 b600
    0000220: 1711 004b b600 1d19 09b9 0078 0100 b800
    0000230: 1112 13b6 0017 1100 51b6 001d a700 72b8
    0000240: 0011 1213 b600 1711 004d b600 1d3a 09b8
    0000250: 0011 1213 b600 1711 004e b600 1d12 02b6
    0000260: 007d b800 83b2 0089 0119 09b6 008d b800
    0000270: 1112 13b6 0017 1100 51b6 001d a700 32b8
    0000280: 0011 1213 b600 1711 004f b600 1d3a 09b8
    0000290: 0011 1213 b600 1711 0050 b600 1d12 02b6
    00002a0: 007d b800 83b2 0089 0119 09b6 008d b800
    00002b0: 1112 13b6 0017 1100 53b6 001d 1508 ac  
  Exception Handler Table:
    bci [63, 558] => handler: 575
    bci [63, 558] => handler: 639

	at database.AccountHandlerTest.testWithdrawCash(AccountHandlerTest.java:35)

testWithdrawCashWithBiggerAmount(database.AccountHandlerTest)  Time elapsed: 0 sec  <<< ERROR!
java.lang.Exception: Unexpected exception, expected<exception.WithdrawalException> but was<java.lang.VerifyError>
	at database.AccountHandlerTest.testWithdrawCashWithBiggerAmount(AccountHandlerTest.java:53)

